> Task :compileJava UP-TO-DATE
> Task :processResources
> Task :classes
> Task :resolveMainClassName

> Task :bootRun

  .   ____          _            __ _ _
 /\\ / ___'_ __ _ _(_)_ __  __ _ \ \ \ \
( ( )\___ | '_ | '_| | '_ \/ _` | \ \ \ \
 \\/  ___)| |_)| | | | | || (_| |  ) ) ) )
  '  |____| .__|_| |_|_| |_\__, | / / / /
 =========|_|==============|___/=/_/_/_/

[32m :: Spring Boot :: [39m              [2m (v4.0.0)[0;39m

[2m2025-11-27T12:32:32.800+09:00[0;39m [32m INFO[0;39m [35m44396[0;39m [2m--- [Project2] [           main] [0;39m[36mcom.dgsw.project2.Project2Application   [0;39m [2m:[0;39m Starting Project2Application using Java 21.0.8 with PID 44396 (/Users/gimdonghyeon/Desktop/자바 수행/SchoolJavaProject/build/classes/java/main started by gimdonghyeon in /Users/gimdonghyeon/Desktop/자바 수행/SchoolJavaProject)
[2m2025-11-27T12:32:32.801+09:00[0;39m [32m INFO[0;39m [35m44396[0;39m [2m--- [Project2] [           main] [0;39m[36mcom.dgsw.project2.Project2Application   [0;39m [2m:[0;39m No active profile set, falling back to 1 default profile: "default"
[2m2025-11-27T12:32:33.018+09:00[0;39m [32m INFO[0;39m [35m44396[0;39m [2m--- [Project2] [           main] [0;39m[36m.s.d.r.c.RepositoryConfigurationDelegate[0;39m [2m:[0;39m Bootstrapping Spring Data JPA repositories in DEFAULT mode.
[2m2025-11-27T12:32:33.040+09:00[0;39m [32m INFO[0;39m [35m44396[0;39m [2m--- [Project2] [           main] [0;39m[36m.s.d.r.c.RepositoryConfigurationDelegate[0;39m [2m:[0;39m Finished Spring Data repository scanning in 18 ms. Found 2 JPA repository interfaces.
[2m2025-11-27T12:32:33.210+09:00[0;39m [32m INFO[0;39m [35m44396[0;39m [2m--- [Project2] [           main] [0;39m[36mo.s.boot.tomcat.TomcatWebServer         [0;39m [2m:[0;39m Tomcat initialized with port 8080 (http)
[2m2025-11-27T12:32:33.216+09:00[0;39m [32m INFO[0;39m [35m44396[0;39m [2m--- [Project2] [           main] [0;39m[36mo.apache.catalina.core.StandardService  [0;39m [2m:[0;39m Starting service [Tomcat]
[2m2025-11-27T12:32:33.216+09:00[0;39m [32m INFO[0;39m [35m44396[0;39m [2m--- [Project2] [           main] [0;39m[36mo.apache.catalina.core.StandardEngine   [0;39m [2m:[0;39m Starting Servlet engine: [Apache Tomcat/11.0.14]
[2m2025-11-27T12:32:33.234+09:00[0;39m [32m INFO[0;39m [35m44396[0;39m [2m--- [Project2] [           main] [0;39m[36mb.w.c.s.WebApplicationContextInitializer[0;39m [2m:[0;39m Root WebApplicationContext: initialization completed in 415 ms
[2m2025-11-27T12:32:33.288+09:00[0;39m [32m INFO[0;39m [35m44396[0;39m [2m--- [Project2] [           main] [0;39m[36mcom.zaxxer.hikari.HikariDataSource      [0;39m [2m:[0;39m HikariPool-1 - Starting...
[2m2025-11-27T12:32:33.366+09:00[0;39m [32m INFO[0;39m [35m44396[0;39m [2m--- [Project2] [           main] [0;39m[36mcom.zaxxer.hikari.pool.HikariPool       [0;39m [2m:[0;39m HikariPool-1 - Added connection conn0: url=jdbc:h2:~/testdb user=
[2m2025-11-27T12:32:33.367+09:00[0;39m [32m INFO[0;39m [35m44396[0;39m [2m--- [Project2] [           main] [0;39m[36mcom.zaxxer.hikari.HikariDataSource      [0;39m [2m:[0;39m HikariPool-1 - Start completed.
[2m2025-11-27T12:32:33.378+09:00[0;39m [32m INFO[0;39m [35m44396[0;39m [2m--- [Project2] [           main] [0;39m[36mo.hibernate.jpa.internal.util.LogHelper [0;39m [2m:[0;39m HHH000204: Processing PersistenceUnitInfo [name: default]
[2m2025-11-27T12:32:33.398+09:00[0;39m [32m INFO[0;39m [35m44396[0;39m [2m--- [Project2] [           main] [0;39m[36morg.hibernate.Version                   [0;39m [2m:[0;39m HHH000412: Hibernate ORM core version 7.1.8.Final
[2m2025-11-27T12:32:33.562+09:00[0;39m [32m INFO[0;39m [35m44396[0;39m [2m--- [Project2] [           main] [0;39m[36mo.s.o.j.p.SpringPersistenceUnitInfo     [0;39m [2m:[0;39m No LoadTimeWeaver setup: ignoring JPA class transformer
[2m2025-11-27T12:32:33.594+09:00[0;39m [32m INFO[0;39m [35m44396[0;39m [2m--- [Project2] [           main] [0;39m[36morg.hibernate.orm.connections.pooling   [0;39m [2m:[0;39m HHH10001005: Database info:
	Database JDBC URL [jdbc:h2:~/testdb]
	Database driver: H2 JDBC Driver
	Database dialect: H2Dialect
	Database version: 2.4.240
	Default catalog/schema: TESTDB/PUBLIC
	Autocommit mode: undefined/unknown
	Isolation level: READ_COMMITTED [default READ_COMMITTED]
	JDBC fetch size: 100
	Pool: DatasourceConnectionProviderImpl
	Minimum pool size: undefined/unknown
	Maximum pool size: undefined/unknown
[2m2025-11-27T12:32:34.042+09:00[0;39m [32m INFO[0;39m [35m44396[0;39m [2m--- [Project2] [           main] [0;39m[36mo.h.e.t.j.p.i.JtaPlatformInitiator      [0;39m [2m:[0;39m HHH000489: No JTA platform available (set 'hibernate.transaction.jta.platform' to enable JTA platform integration)
[2m2025-11-27T12:32:34.045+09:00[0;39m [32m INFO[0;39m [35m44396[0;39m [2m--- [Project2] [           main] [0;39m[36mj.LocalContainerEntityManagerFactoryBean[0;39m [2m:[0;39m Initialized JPA EntityManagerFactory for persistence unit 'default'
[2m2025-11-27T12:32:34.079+09:00[0;39m [32m INFO[0;39m [35m44396[0;39m [2m--- [Project2] [           main] [0;39m[36mo.s.d.j.r.query.QueryEnhancerFactories  [0;39m [2m:[0;39m Hibernate is in classpath; If applicable, HQL parser will be used.
[2m2025-11-27T12:32:34.142+09:00[0;39m [33m WARN[0;39m [35m44396[0;39m [2m--- [Project2] [           main] [0;39m[36mJpaBaseConfiguration$JpaWebConfiguration[0;39m [2m:[0;39m spring.jpa.open-in-view is enabled by default. Therefore, database queries may be performed during view rendering. Explicitly configure spring.jpa.open-in-view to disable this warning
[2m2025-11-27T12:32:34.268+09:00[0;39m [32m INFO[0;39m [35m44396[0;39m [2m--- [Project2] [           main] [0;39m[36mo.s.boot.tomcat.TomcatWebServer         [0;39m [2m:[0;39m Tomcat started on port 8080 (http) with context path '/'
[2m2025-11-27T12:32:34.270+09:00[0;39m [32m INFO[0;39m [35m44396[0;39m [2m--- [Project2] [           main] [0;39m[36mcom.dgsw.project2.Project2Application   [0;39m [2m:[0;39m Started Project2Application in 1.63 seconds (process running for 1.769)
[2m2025-11-27T12:33:35.348+09:00[0;39m [32m INFO[0;39m [35m44396[0;39m [2m--- [Project2] [nio-8080-exec-1] [0;39m[36mo.a.c.c.C.[Tomcat].[localhost].[/]      [0;39m [2m:[0;39m Initializing Spring DispatcherServlet 'dispatcherServlet'
[2m2025-11-27T12:33:35.348+09:00[0;39m [32m INFO[0;39m [35m44396[0;39m [2m--- [Project2] [nio-8080-exec-1] [0;39m[36mo.s.web.servlet.DispatcherServlet       [0;39m [2m:[0;39m Initializing Servlet 'dispatcherServlet'
[2m2025-11-27T12:33:35.349+09:00[0;39m [32m INFO[0;39m [35m44396[0;39m [2m--- [Project2] [nio-8080-exec-1] [0;39m[36mo.s.web.servlet.DispatcherServlet       [0;39m [2m:[0;39m Completed initialization in 1 ms
[2m2025-11-27T12:56:31.865+09:00[0;39m [33m WARN[0;39m [35m44396[0;39m [2m--- [Project2] [l-1:housekeeper] [0;39m[36mcom.zaxxer.hikari.pool.HikariPool       [0;39m [2m:[0;39m HikariPool-1 - Thread starvation or clock leap detected (housekeeper delta=15m58s348ms).
